
2019-06-25 12:07:27 0 [Note] InnoDB: Mutexes and rw_locks use Windows interlocked functions
2019-06-25 12:07:27 0 [Note] InnoDB: Uses event mutexes
2019-06-25 12:07:27 0 [Note] InnoDB: Compressed tables use zlib 1.2.11
2019-06-25 12:07:27 0 [Note] InnoDB: Number of pools: 1
2019-06-25 12:07:27 0 [Note] InnoDB: Using SSE2 crc32 instructions
2019-06-25 12:07:27 0 [Note] InnoDB: Initializing buffer pool, total size = 16M, instances = 1, chunk size = 16M
2019-06-25 12:07:27 0 [Note] InnoDB: Completed initialization of buffer pool
2019-06-25 12:07:27 0 [Note] InnoDB: Starting crash recovery from checkpoint LSN=1791378
2019-06-25 12:07:28 0 [Note] InnoDB: 128 out of 128 rollback segments are active.
2019-06-25 12:07:28 0 [Note] InnoDB: Removed temporary tablespace data file: "ibtmp1"
2019-06-25 12:07:28 0 [Note] InnoDB: Creating shared tablespace for temporary tables
2019-06-25 12:07:28 0 [Note] InnoDB: Setting file 'E:\XAMPP\mysql\data\ibtmp1' size to 12 MB. Physically writing the file full; Please wait ...
2019-06-25 12:07:28 0 [Note] InnoDB: File 'E:\XAMPP\mysql\data\ibtmp1' size is now 12 MB.
2019-06-25 12:07:28 0 [Note] InnoDB: Waiting for purge to start
2019-06-25 12:07:28 0 [Note] InnoDB: 10.3.16 started; log sequence number 1791387; transaction id 163
2019-06-25 12:07:28 0 [Note] InnoDB: Loading buffer pool(s) from E:\XAMPP\mysql\data\ib_buffer_pool
2019-06-25 12:07:28 0 [Note] InnoDB: Buffer pool(s) load completed at 190625 12:07:28
2019-06-25 12:07:28 0 [Note] Plugin 'FEEDBACK' is disabled.
2019-06-25 12:07:28 0 [Note] Server socket created on IP: '::'.
2019-06-25 12:25:45 0 [Note] InnoDB: Mutexes and rw_locks use Windows interlocked functions
2019-06-25 12:25:45 0 [Note] InnoDB: Uses event mutexes
2019-06-25 12:25:45 0 [Note] InnoDB: Compressed tables use zlib 1.2.11
2019-06-25 12:25:45 0 [Note] InnoDB: Number of pools: 1
2019-06-25 12:25:45 0 [Note] InnoDB: Using SSE2 crc32 instructions
2019-06-25 12:25:45 0 [Note] InnoDB: Initializing buffer pool, total size = 16M, instances = 1, chunk size = 16M
2019-06-25 12:25:45 0 [Note] InnoDB: Completed initialization of buffer pool
2019-06-25 12:25:45 0 [Note] InnoDB: Starting crash recovery from checkpoint LSN=1795840
2019-06-25 12:25:45 0 [Note] InnoDB: 128 out of 128 rollback segments are active.
2019-06-25 12:25:45 0 [Note] InnoDB: Removed temporary tablespace data file: "ibtmp1"
2019-06-25 12:25:45 0 [Note] InnoDB: Creating shared tablespace for temporary tables
2019-06-25 12:25:45 0 [Note] InnoDB: Setting file 'E:\XAMPP\mysql\data\ibtmp1' size to 12 MB. Physically writing the file full; Please wait ...
2019-06-25 12:25:45 0 [Note] InnoDB: File 'E:\XAMPP\mysql\data\ibtmp1' size is now 12 MB.
2019-06-25 12:25:45 0 [Note] InnoDB: Waiting for purge to start
2019-06-25 12:25:45 0 [Note] InnoDB: 10.3.16 started; log sequence number 1795849; transaction id 193
2019-06-25 12:25:45 0 [Note] InnoDB: Loading buffer pool(s) from E:\XAMPP\mysql\data\ib_buffer_pool
2019-06-25 12:25:45 0 [Note] Plugin 'FEEDBACK' is disabled.
2019-06-25 12:25:45 0 [Note] Server socket created on IP: '::'.
2019-06-25 12:27:02 0 [Note] InnoDB: Mutexes and rw_locks use Windows interlocked functions
2019-06-25 12:27:02 0 [Note] InnoDB: Uses event mutexes
2019-06-25 12:27:02 0 [Note] InnoDB: Compressed tables use zlib 1.2.11
2019-06-25 12:27:02 0 [Note] InnoDB: Number of pools: 1
2019-06-25 12:27:02 0 [Note] InnoDB: Using SSE2 crc32 instructions
2019-06-25 12:27:02 0 [Note] InnoDB: Initializing buffer pool, total size = 16M, instances = 1, chunk size = 16M
2019-06-25 12:27:02 0 [Note] InnoDB: Completed initialization of buffer pool
2019-06-25 12:27:02 0 [Note] InnoDB: Starting crash recovery from checkpoint LSN=1795858
2019-06-25 12:27:03 0 [Note] InnoDB: 128 out of 128 rollback segments are active.
2019-06-25 12:27:03 0 [Note] InnoDB: Removed temporary tablespace data file: "ibtmp1"
2019-06-25 12:27:03 0 [Note] InnoDB: Creating shared tablespace for temporary tables
2019-06-25 12:27:03 0 [Note] InnoDB: Setting file 'E:\XAMPP\mysql\data\ibtmp1' size to 12 MB. Physically writing the file full; Please wait ...
2019-06-25 12:27:03 0 [Note] InnoDB: File 'E:\XAMPP\mysql\data\ibtmp1' size is now 12 MB.
2019-06-25 12:27:03 0 [Note] InnoDB: Waiting for purge to start
2019-06-25 12:27:03 0 [Note] InnoDB: 10.3.16 started; log sequence number 1795867; transaction id 193
2019-06-25 12:27:03 0 [Note] InnoDB: Loading buffer pool(s) from E:\XAMPP\mysql\data\ib_buffer_pool
2019-06-25 12:27:03 0 [Note] Plugin 'FEEDBACK' is disabled.
2019-06-25 12:27:03 0 [Note] Server socket created on IP: '::'.
2019-06-25 12:52:08 0 [Note] InnoDB: Mutexes and rw_locks use Windows interlocked functions
2019-06-25 12:52:08 0 [Note] InnoDB: Uses event mutexes
2019-06-25 12:52:08 0 [Note] InnoDB: Compressed tables use zlib 1.2.11
2019-06-25 12:52:08 0 [Note] InnoDB: Number of pools: 1
2019-06-25 12:52:08 0 [Note] InnoDB: Using SSE2 crc32 instructions
2019-06-25 12:52:08 0 [Note] InnoDB: Initializing buffer pool, total size = 16M, instances = 1, chunk size = 16M
2019-06-25 12:52:08 0 [Note] InnoDB: Completed initialization of buffer pool
2019-06-25 12:52:08 0 [Note] InnoDB: Starting crash recovery from checkpoint LSN=1909278
2019-06-25 12:52:09 0 [Note] InnoDB: 128 out of 128 rollback segments are active.
2019-06-25 12:52:09 0 [Note] InnoDB: Removed temporary tablespace data file: "ibtmp1"
2019-06-25 12:52:09 0 [Note] InnoDB: Creating shared tablespace for temporary tables
2019-06-25 12:52:09 0 [Note] InnoDB: Setting file 'E:\XAMPP\mysql\data\ibtmp1' size to 12 MB. Physically writing the file full; Please wait ...
2019-06-25 12:52:09 0 [Note] InnoDB: File 'E:\XAMPP\mysql\data\ibtmp1' size is now 12 MB.
2019-06-25 12:52:09 0 [Note] InnoDB: Waiting for purge to start
2019-06-25 12:52:09 0 [Note] InnoDB: 10.3.16 started; log sequence number 1909287; transaction id 385
2019-06-25 12:52:09 0 [Note] InnoDB: Loading buffer pool(s) from E:\XAMPP\mysql\data\ib_buffer_pool
2019-06-25 12:52:09 0 [Note] Plugin 'FEEDBACK' is disabled.
2019-06-25 12:52:09 0 [Note] Server socket created on IP: '::'.
2019-06-25 12:59:17 0 [Note] InnoDB: Mutexes and rw_locks use Windows interlocked functions
2019-06-25 12:59:17 0 [Note] InnoDB: Uses event mutexes
2019-06-25 12:59:17 0 [Note] InnoDB: Compressed tables use zlib 1.2.11
2019-06-25 12:59:17 0 [Note] InnoDB: Number of pools: 1
2019-06-25 12:59:17 0 [Note] InnoDB: Using SSE2 crc32 instructions
2019-06-25 12:59:17 0 [Note] InnoDB: Initializing buffer pool, total size = 16M, instances = 1, chunk size = 16M
2019-06-25 12:59:17 0 [Note] InnoDB: Completed initialization of buffer pool
2019-06-25 12:59:17 0 [Note] InnoDB: Starting crash recovery from checkpoint LSN=2098425
2019-06-25 12:59:18 0 [Note] InnoDB: 128 out of 128 rollback segments are active.
2019-06-25 12:59:18 0 [Note] InnoDB: Removed temporary tablespace data file: "ibtmp1"
2019-06-25 12:59:18 0 [Note] InnoDB: Creating shared tablespace for temporary tables
2019-06-25 12:59:18 0 [Note] InnoDB: Setting file 'E:\XAMPP\mysql\data\ibtmp1' size to 12 MB. Physically writing the file full; Please wait ...
2019-06-25 12:59:18 0 [Note] InnoDB: File 'E:\XAMPP\mysql\data\ibtmp1' size is now 12 MB.
2019-06-25 12:59:18 0 [Note] InnoDB: Waiting for purge to start
2019-06-25 12:59:18 0 [Note] InnoDB: 10.3.16 started; log sequence number 2098434; transaction id 516
2019-06-25 12:59:18 0 [Note] InnoDB: Loading buffer pool(s) from E:\XAMPP\mysql\data\ib_buffer_pool
2019-06-25 12:59:18 0 [Note] Plugin 'FEEDBACK' is disabled.
2019-06-25 12:59:18 0 [Note] Server socket created on IP: '::'.
